<?xml version="1.0" encoding="UTF-8"?>
<!-- Generated by org.testng.reporters.JUnitReportReporter -->
<testsuite hostname="LAPTOP-U2JGVIAA" failures="0" tests="2" name="validation.Test_Orange" time="4.694" errors="0" timestamp="18 Sep 2020 06:50:00 GMT" skipped="0">
  <testcase classname="validation.Test_Orange" name="LoginPage" time="0.471"/>
  <testcase classname="validation.Test_Orange" name="Orange_test" time="4.223"/>
</testsuite> <!-- validation.Test_Orange -->
